<?xml version="1.0" encoding="UTF-8"?>
<testsuite name="stickman.model.TestRedSlime" tests="1" skipped="0" failures="0" errors="0" timestamp="2019-10-06T12:42:20" hostname="BuiBuiBui.local" time="0.013">
  <properties/>
  <testcase name="testM" classname="stickman.model.TestRedSlime" time="0.013"/>
  <system-out><![CDATA[]]></system-out>
  <system-err><![CDATA[]]></system-err>
</testsuite>
